[debug] [2021-12-11T23:18:05.240Z] ----------------------------------------------------------------------
[debug] [2021-12-11T23:18:05.243Z] Command:       C:\Program Files\nodejs\node.exe C:\Users\DELL XPS\AppData\Roaming\npm\node_modules\firebase-tools\lib\bin\firebase.js --debug deploy --only functions:createRefund
[debug] [2021-12-11T23:18:05.243Z] CLI Version:   9.19.0
[debug] [2021-12-11T23:18:05.243Z] Platform:      win32
[debug] [2021-12-11T23:18:05.244Z] Node Version:  v14.18.0
[debug] [2021-12-11T23:18:05.245Z] Time:          Sat Dec 11 2021 23:18:05 GMT+0000 (Greenwich Mean Time)
[debug] [2021-12-11T23:18:05.245Z] ----------------------------------------------------------------------
[debug] 
[debug] [2021-12-11T23:18:05.300Z] > command requires scopes: ["email","openid","https://www.googleapis.com/auth/cloudplatformprojects.readonly","https://www.googleapis.com/auth/firebase","https://www.googleapis.com/auth/cloud-platform"]
[debug] [2021-12-11T23:18:05.302Z] > authorizing via signed-in user (nbangba.la@gmail.com)
[debug] [2021-12-11T23:18:05.302Z] [iam] checking project savannah-glow for permissions ["cloudfunctions.functions.create","cloudfunctions.functions.delete","cloudfunctions.functions.get","cloudfunctions.functions.list","cloudfunctions.functions.update","cloudfunctions.operations.get","firebase.projects.get"]
[debug] [2021-12-11T23:18:05.306Z] >>> HTTP REQUEST POST https://cloudresourcemanager.googleapis.com/v1/projects/savannah-glow:testIamPermissions  
 {"permissions":["cloudfunctions.functions.create","cloudfunctions.functions.delete","cloudfunctions.functions.get","cloudfunctions.functions.list","cloudfunctions.functions.update","cloudfunctions.operations.get","firebase.projects.get"]}
[debug] [2021-12-11T23:18:07.015Z] <<< HTTP RESPONSE 200 {"content-type":"application/json; charset=UTF-8","vary":"X-Origin, Referer, Origin,Accept-Encoding","date":"Sat, 11 Dec 2021 23:18:06 GMT","server":"ESF","cache-control":"private","x-xss-protection":"0","x-frame-options":"SAMEORIGIN","x-content-type-options":"nosniff","server-timing":"gfet4t7; dur=1115","alt-svc":"h3=\":443\"; ma=2592000,h3-29=\":443\"; ma=2592000,h3-Q050=\":443\"; ma=2592000,h3-Q046=\":443\"; ma=2592000,h3-Q043=\":443\"; ma=2592000,quic=\":443\"; ma=2592000; v=\"46,43\"","accept-ranges":"none","transfer-encoding":"chunked"}
[debug] [2021-12-11T23:18:07.026Z] >>> HTTP REQUEST POST https://iam.googleapis.com/v1/projects/savannah-glow/serviceAccounts/savannah-glow@appspot.gserviceaccount.com:testIamPermissions  
 {"permissions":["iam.serviceAccounts.actAs"]}
[debug] [2021-12-11T23:18:08.668Z] <<< HTTP RESPONSE 200 {"content-type":"application/json; charset=UTF-8","vary":"X-Origin, Referer, Origin,Accept-Encoding","date":"Sat, 11 Dec 2021 23:18:08 GMT","server":"ESF","cache-control":"private","x-xss-protection":"0","x-frame-options":"SAMEORIGIN","x-content-type-options":"nosniff","alt-svc":"h3=\":443\"; ma=2592000,h3-29=\":443\"; ma=2592000,h3-Q050=\":443\"; ma=2592000,h3-Q046=\":443\"; ma=2592000,h3-Q043=\":443\"; ma=2592000,quic=\":443\"; ma=2592000; v=\"46,43\"","accept-ranges":"none","transfer-encoding":"chunked"}
[info] 
[info] === Deploying to 'savannah-glow'...
[info] 
[info] i  deploying functions 
[info] Running command: npm --prefix "$RESOURCE_DIR" run lint
[info] +  functions: Finished running predeploy script. 
[debug] [2021-12-11T23:18:10.371Z] Validating nodejs source
[debug] [2021-12-11T23:18:14.588Z] > [functions] package.json contents: {
  "name": "functions",
  "description": "Cloud Functions for Firebase",
  "scripts": {
    "lint": "eslint",
    "serve": "firebase emulators:start --only functions",
    "shell": "firebase functions:shell",
    "start": "npm run shell",
    "deploy": "firebase deploy --only functions",
    "logs": "firebase functions:log"
  },
  "engines": {
    "node": "14"
  },
  "main": "index.js",
  "dependencies": {
    "axios": "^0.23.0",
    "crypto-js": "^4.1.1",
    "firebase-admin": "^9.8.0",
    "firebase-functions": "^3.16.0"
  },
  "devDependencies": {
    "eslint": "^7.6.0",
    "eslint-config-google": "^0.14.0",
    "firebase-functions-test": "^0.2.0"
  },
  "private": true
}
[debug] [2021-12-11T23:18:14.593Z] Building nodejs source
[info] i  functions: ensuring required API cloudfunctions.googleapis.com is enabled... 
[info] i  functions: ensuring required API cloudbuild.googleapis.com is enabled... 
[debug] [2021-12-11T23:18:14.596Z] >>> HTTP REQUEST GET https://serviceusage.googleapis.com/v1/projects/savannah-glow/services/cloudfunctions.googleapis.com  
 
[debug] [2021-12-11T23:18:14.597Z] >>> HTTP REQUEST GET https://serviceusage.googleapis.com/v1/projects/savannah-glow/services/runtimeconfig.googleapis.com  
 
[debug] [2021-12-11T23:18:14.598Z] >>> HTTP REQUEST GET https://serviceusage.googleapis.com/v1/projects/savannah-glow/services/cloudbuild.googleapis.com  
 
[debug] [2021-12-11T23:18:16.485Z] <<< HTTP RESPONSE 200 {"content-type":"application/json; charset=UTF-8","vary":"X-Origin, Referer, Origin,Accept-Encoding","date":"Sat, 11 Dec 2021 23:18:16 GMT","server":"ESF","cache-control":"private","x-xss-protection":"0","x-frame-options":"SAMEORIGIN","x-content-type-options":"nosniff","alt-svc":"h3=\":443\"; ma=2592000,h3-29=\":443\"; ma=2592000,h3-Q050=\":443\"; ma=2592000,h3-Q046=\":443\"; ma=2592000,h3-Q043=\":443\"; ma=2592000,quic=\":443\"; ma=2592000; v=\"46,43\"","accept-ranges":"none","transfer-encoding":"chunked"}
[info] +  functions: required API cloudfunctions.googleapis.com is enabled 
[debug] [2021-12-11T23:18:16.501Z] <<< HTTP RESPONSE 200 {"content-type":"application/json; charset=UTF-8","vary":"X-Origin, Referer, Origin,Accept-Encoding","date":"Sat, 11 Dec 2021 23:18:16 GMT","server":"ESF","cache-control":"private","x-xss-protection":"0","x-frame-options":"SAMEORIGIN","x-content-type-options":"nosniff","alt-svc":"h3=\":443\"; ma=2592000,h3-29=\":443\"; ma=2592000,h3-Q050=\":443\"; ma=2592000,h3-Q046=\":443\"; ma=2592000,h3-Q043=\":443\"; ma=2592000,quic=\":443\"; ma=2592000; v=\"46,43\"","accept-ranges":"none","transfer-encoding":"chunked"}
[debug] [2021-12-11T23:18:16.541Z] <<< HTTP RESPONSE 200 {"content-type":"application/json; charset=UTF-8","vary":"X-Origin, Referer, Origin,Accept-Encoding","date":"Sat, 11 Dec 2021 23:18:16 GMT","server":"ESF","cache-control":"private","x-xss-protection":"0","x-frame-options":"SAMEORIGIN","x-content-type-options":"nosniff","alt-svc":"h3=\":443\"; ma=2592000,h3-29=\":443\"; ma=2592000,h3-Q050=\":443\"; ma=2592000,h3-Q046=\":443\"; ma=2592000,h3-Q043=\":443\"; ma=2592000,quic=\":443\"; ma=2592000; v=\"46,43\"","accept-ranges":"none","transfer-encoding":"chunked"}
[info] +  functions: required API cloudbuild.googleapis.com is enabled 
[debug] [2021-12-11T23:18:16.545Z] >>> HTTP REQUEST GET https://firebase.googleapis.com/v1beta1/projects/savannah-glow/adminSdkConfig  
 
[debug] [2021-12-11T23:18:17.186Z] <<< HTTP RESPONSE 200 {"content-type":"application/json; charset=UTF-8","vary":"X-Origin, Referer, Origin,Accept-Encoding","date":"Sat, 11 Dec 2021 23:18:17 GMT","server":"ESF","cache-control":"private","x-xss-protection":"0","x-frame-options":"SAMEORIGIN","x-content-type-options":"nosniff","alt-svc":"h3=\":443\"; ma=2592000,h3-29=\":443\"; ma=2592000,h3-Q050=\":443\"; ma=2592000,h3-Q046=\":443\"; ma=2592000,h3-Q043=\":443\"; ma=2592000,quic=\":443\"; ma=2592000; v=\"46,43\"","accept-ranges":"none","transfer-encoding":"chunked"}
[debug] [2021-12-11T23:18:17.193Z] >>> HTTP REQUEST GET https://runtimeconfig.googleapis.com/v1beta1/projects/savannah-glow/configs  
 
[debug] [2021-12-11T23:18:17.948Z] <<< HTTP RESPONSE 200 {"content-type":"application/json; charset=UTF-8","vary":"X-Origin, Referer, Origin,Accept-Encoding","date":"Sat, 11 Dec 2021 23:18:17 GMT","server":"ESF","cache-control":"private","x-xss-protection":"0","x-frame-options":"SAMEORIGIN","x-content-type-options":"nosniff","alt-svc":"h3=\":443\"; ma=2592000,h3-29=\":443\"; ma=2592000,h3-Q050=\":443\"; ma=2592000,h3-Q046=\":443\"; ma=2592000,h3-Q043=\":443\"; ma=2592000,quic=\":443\"; ma=2592000; v=\"46,43\"","accept-ranges":"none","transfer-encoding":"chunked"}
[debug] [2021-12-11T23:18:17.953Z] >>> HTTP REQUEST GET https://runtimeconfig.googleapis.com/v1beta1/projects/savannah-glow/configs/paystack/variables  
 
[debug] [2021-12-11T23:18:19.286Z] <<< HTTP RESPONSE 200 {"content-type":"application/json; charset=UTF-8","vary":"X-Origin, Referer, Origin,Accept-Encoding","date":"Sat, 11 Dec 2021 23:18:19 GMT","server":"ESF","cache-control":"private","x-xss-protection":"0","x-frame-options":"SAMEORIGIN","x-content-type-options":"nosniff","alt-svc":"h3=\":443\"; ma=2592000,h3-29=\":443\"; ma=2592000,h3-Q050=\":443\"; ma=2592000,h3-Q046=\":443\"; ma=2592000,h3-Q043=\":443\"; ma=2592000,quic=\":443\"; ma=2592000; v=\"46,43\"","accept-ranges":"none","transfer-encoding":"chunked"}
[debug] [2021-12-11T23:18:19.293Z] >>> HTTP REQUEST GET https://runtimeconfig.googleapis.com/v1beta1/projects/savannah-glow/configs/paystack/variables/key  
 
[debug] [2021-12-11T23:18:19.296Z] >>> HTTP REQUEST GET https://runtimeconfig.googleapis.com/v1beta1/projects/savannah-glow/configs/paystack/variables/id  
 
[debug] [2021-12-11T23:18:20.263Z] <<< HTTP RESPONSE 200 {"content-type":"application/json; charset=UTF-8","vary":"X-Origin, Referer, Origin,Accept-Encoding","date":"Sat, 11 Dec 2021 23:18:20 GMT","server":"ESF","cache-control":"private","x-xss-protection":"0","x-frame-options":"SAMEORIGIN","x-content-type-options":"nosniff","alt-svc":"h3=\":443\"; ma=2592000,h3-29=\":443\"; ma=2592000,h3-Q050=\":443\"; ma=2592000,h3-Q046=\":443\"; ma=2592000,h3-Q043=\":443\"; ma=2592000,quic=\":443\"; ma=2592000; v=\"46,43\"","accept-ranges":"none","transfer-encoding":"chunked"}
[debug] [2021-12-11T23:18:20.396Z] <<< HTTP RESPONSE 200 {"content-type":"application/json; charset=UTF-8","vary":"X-Origin, Referer, Origin,Accept-Encoding","date":"Sat, 11 Dec 2021 23:18:20 GMT","server":"ESF","cache-control":"private","x-xss-protection":"0","x-frame-options":"SAMEORIGIN","x-content-type-options":"nosniff","alt-svc":"h3=\":443\"; ma=2592000,h3-29=\":443\"; ma=2592000,h3-Q050=\":443\"; ma=2592000,h3-Q046=\":443\"; ma=2592000,h3-Q043=\":443\"; ma=2592000,quic=\":443\"; ma=2592000; v=\"46,43\"","accept-ranges":"none","transfer-encoding":"chunked"}
[debug] [2021-12-11T23:18:20.414Z] Analyzing nodejs backend spec
[info] i  functions: preparing functions directory for uploading... 
[info] i  functions: packaged functions (76.61 KB) for uploading 
[debug] [2021-12-11T23:18:20.729Z] >>> HTTP REQUEST GET https://cloudfunctions.googleapis.com/v1/projects/savannah-glow/locations/-/functions  
 
[debug] [2021-12-11T23:18:21.863Z] <<< HTTP RESPONSE 200 {"content-type":"application/json; charset=UTF-8","vary":"X-Origin, Referer, Origin,Accept-Encoding","date":"Sat, 11 Dec 2021 23:18:21 GMT","server":"ESF","cache-control":"private","x-xss-protection":"0","x-frame-options":"SAMEORIGIN","x-content-type-options":"nosniff","alt-svc":"h3=\":443\"; ma=2592000,h3-29=\":443\"; ma=2592000,h3-Q050=\":443\"; ma=2592000,h3-Q046=\":443\"; ma=2592000,h3-Q043=\":443\"; ma=2592000,quic=\":443\"; ma=2592000; v=\"46,43\"","accept-ranges":"none","transfer-encoding":"chunked"}
[debug] [2021-12-11T23:18:21.876Z] >>> HTTP REQUEST POST https://cloudfunctions.googleapis.com/v1/projects/savannah-glow/locations/us-central1/functions:generateUploadUrl  
 
[debug] [2021-12-11T23:18:22.773Z] <<< HTTP RESPONSE 200 {"content-type":"application/json; charset=UTF-8","vary":"X-Origin, Referer, Origin,Accept-Encoding","date":"Sat, 11 Dec 2021 23:18:22 GMT","server":"ESF","cache-control":"private","x-xss-protection":"0","x-frame-options":"SAMEORIGIN","x-content-type-options":"nosniff","alt-svc":"h3=\":443\"; ma=2592000,h3-29=\":443\"; ma=2592000,h3-Q050=\":443\"; ma=2592000,h3-Q046=\":443\"; ma=2592000,h3-Q043=\":443\"; ma=2592000,quic=\":443\"; ma=2592000; v=\"46,43\"","accept-ranges":"none","transfer-encoding":"chunked"}
[debug] [2021-12-11T23:18:22.780Z] >>> HTTP REQUEST PUT https://storage.googleapis.com/gcf-upload-us-central1-02651b10-2d0e-48c9-bfd8-ef5c111cb73a/95d74787-5004-4b4a-823a-2f2885967ae0.zip?GoogleAccessId=service-199451664618@gcf-admin-robot.iam.gserviceaccount.com&Expires=1639266502&Signature=LljgSSvG6%2B6RZWtRy9%2FyiO9z%2BsreW6OQV9J81oxXHfA5KX8Qkuy%2Buv1%2FoKR4V5Vjkmj1PGT%2Frbt0URfm3b3eWW6fkRFyMxP5s9FrdTodD4OUY3m48AS6ngZQhgcSuPfGRo%2FbogGSigfnrcMZA08viTgP4%2BRhIbUqi5LJOMNesz3OlbkY2FzyTzECOMV6LeKIpugZLf6AaliYMseW9GDOlr%2BvWHnIGEESSeB7YeCP81vXkcGxNnp%2BGmYeF07QVAjZJRWOc7FUYpDYPy5sKdA9t6Q3OiY4OTrj1fgOX%2BOmbBHbjrAEGvbe5a5WB1UDTEf4MOsxQpobktXtPgNySMAGBw%3D%3D  
 <request body omitted>
[debug] [2021-12-11T23:18:24.177Z] <<< HTTP RESPONSE 200 {"x-guploader-uploadid":"ADPycdv6GDfWChtkcOBDvzG5yHfOYQw4cboyzwTefcliNc4uJrH-wOaSdhjvgYQYwm-_XEKeoqgmyE3a8h2xOMU6KRH1CeXI0Q","etag":"\"cbfa57a47997054764128062ee054108\"","x-goog-generation":"1639264704069835","x-goog-metageneration":"1","x-goog-hash":"crc32c=QUQsRQ==, md5=y/pXpHmXBUdkEoBi7gVBCA==","x-goog-stored-content-length":"78445","x-goog-stored-content-encoding":"identity","vary":"Origin","content-length":"0","date":"Sat, 11 Dec 2021 23:18:24 GMT","server":"UploadServer","content-type":"text/html; charset=UTF-8","alt-svc":"h3=\":443\"; ma=2592000,h3-29=\":443\"; ma=2592000,h3-Q050=\":443\"; ma=2592000,h3-Q046=\":443\"; ma=2592000,h3-Q043=\":443\"; ma=2592000,quic=\":443\"; ma=2592000; v=\"46,43\""}
[info] +  functions: functions folder uploaded successfully 
[info] i  functions: updating Node.js 14 function createRefund(us-central1)... 
[debug] [2021-12-11T23:18:24.197Z] >>> HTTP REQUEST PATCH https://cloudfunctions.googleapis.com/v1/projects/savannah-glow/locations/us-central1/functions/createRefund {"updateMask":"name,sourceUploadUrl,entryPoint,runtime,httpsTrigger,timeout,availableMemoryMb,labels,environmentVariables"} 
 {"name":"projects/savannah-glow/locations/us-central1/functions/createRefund","sourceUploadUrl":"https://storage.googleapis.com/gcf-upload-us-central1-02651b10-2d0e-48c9-bfd8-ef5c111cb73a/95d74787-5004-4b4a-823a-2f2885967ae0.zip?GoogleAccessId=service-199451664618@gcf-admin-robot.iam.gserviceaccount.com&Expires=1639266502&Signature=LljgSSvG6%2B6RZWtRy9%2FyiO9z%2BsreW6OQV9J81oxXHfA5KX8Qkuy%2Buv1%2FoKR4V5Vjkmj1PGT%2Frbt0URfm3b3eWW6fkRFyMxP5s9FrdTodD4OUY3m48AS6ngZQhgcSuPfGRo%2FbogGSigfnrcMZA08viTgP4%2BRhIbUqi5LJOMNesz3OlbkY2FzyTzECOMV6LeKIpugZLf6AaliYMseW9GDOlr%2BvWHnIGEESSeB7YeCP81vXkcGxNnp%2BGmYeF07QVAjZJRWOc7FUYpDYPy5sKdA9t6Q3OiY4OTrj1fgOX%2BOmbBHbjrAEGvbe5a5WB1UDTEf4MOsxQpobktXtPgNySMAGBw%3D%3D","entryPoint":"createRefund","runtime":"nodejs14","httpsTrigger":{},"timeout":"540s","availableMemoryMb":2048,"labels":{"deployment-callable":"true","deployment-tool":"cli-firebase"},"environmentVariables":{"FIREBASE_CONFIG":"{\"projectId\":\"savannah-glow\",\"storageBucket\":\"savannah-glow.appspot.com\",\"locationId\":\"europe-west2\"}","GCLOUD_PROJECT":"savannah-glow"}}
[debug] [2021-12-11T23:18:24.957Z] <<< HTTP RESPONSE 200 {"content-type":"application/json; charset=UTF-8","vary":"X-Origin, Referer, Origin,Accept-Encoding","date":"Sat, 11 Dec 2021 23:18:24 GMT","server":"ESF","cache-control":"private","x-xss-protection":"0","x-frame-options":"SAMEORIGIN","x-content-type-options":"nosniff","alt-svc":"h3=\":443\"; ma=2592000,h3-29=\":443\"; ma=2592000,h3-Q050=\":443\"; ma=2592000,h3-Q046=\":443\"; ma=2592000,h3-Q043=\":443\"; ma=2592000,quic=\":443\"; ma=2592000; v=\"46,43\"","accept-ranges":"none","transfer-encoding":"chunked"}
[debug] [2021-12-11T23:18:24.973Z] > refreshing access token with scopes: []
[debug] [2021-12-11T23:18:24.974Z] >>> HTTP REQUEST POST https://www.googleapis.com/oauth2/v3/token  
 <request body omitted>
[debug] [2021-12-11T23:18:25.540Z] <<< HTTP RESPONSE 200 {"pragma":"no-cache","date":"Sat, 11 Dec 2021 23:18:25 GMT","expires":"Mon, 01 Jan 1990 00:00:00 GMT","cache-control":"no-cache, no-store, max-age=0, must-revalidate","content-type":"application/json; charset=utf-8","vary":"X-Origin, Referer, Origin,Accept-Encoding","server":"scaffolding on HTTPServer2","x-xss-protection":"0","x-frame-options":"SAMEORIGIN","x-content-type-options":"nosniff","alt-svc":"h3=\":443\"; ma=2592000,h3-29=\":443\"; ma=2592000,h3-Q050=\":443\"; ma=2592000,h3-Q046=\":443\"; ma=2592000,h3-Q043=\":443\"; ma=2592000,quic=\":443\"; ma=2592000; v=\"46,43\"","accept-ranges":"none","transfer-encoding":"chunked"}
[debug] [2021-12-11T23:18:25.582Z] >>> [apiv2][query] GET https://cloudfunctions.googleapis.com/v1/operations/c2F2YW5uYWgtZ2xvdy91cy1jZW50cmFsMS9jcmVhdGVSZWZ1bmQvdFRobUduREVrWG8 [none]
[debug] [2021-12-11T23:18:26.177Z] <<< [apiv2][status] GET https://cloudfunctions.googleapis.com/v1/operations/c2F2YW5uYWgtZ2xvdy91cy1jZW50cmFsMS9jcmVhdGVSZWZ1bmQvdFRobUduREVrWG8 200
[debug] [2021-12-11T23:18:26.178Z] <<< [apiv2][body] GET https://cloudfunctions.googleapis.com/v1/operations/c2F2YW5uYWgtZ2xvdy91cy1jZW50cmFsMS9jcmVhdGVSZWZ1bmQvdFRobUduREVrWG8 {"name":"operations/c2F2YW5uYWgtZ2xvdy91cy1jZW50cmFsMS9jcmVhdGVSZWZ1bmQvdFRobUduREVrWG8","metadata":{"@type":"type.googleapis.com/google.cloud.functions.v1.OperationMetadataV1","target":"projects/savannah-glow/locations/us-central1/functions/createRefund","type":"UPDATE_FUNCTION","request":{"@type":"type.googleapis.com/google.cloud.functions.v1.CloudFunction","name":"projects/savannah-glow/locations/us-central1/functions/createRefund","httpsTrigger":{},"status":"ACTIVE","entryPoint":"createRefund","timeout":"540s","availableMemoryMb":2048,"serviceAccountEmail":"savannah-glow@appspot.gserviceaccount.com","updateTime":"2021-11-12T06:38:25.764Z","versionId":"70","labels":{"deployment-callable":"true","deployment-tool":"cli-firebase"},"sourceUploadUrl":"https://storage.googleapis.com/gcf-upload-us-central1-02651b10-2d0e-48c9-bfd8-ef5c111cb73a/95d74787-5004-4b4a-823a-2f2885967ae0.zip?GoogleAccessId=service-199451664618@gcf-admin-robot.iam.gserviceaccount.com&Expires=1639266502&Signature=LljgSSvG6%2B6RZWtRy9%2FyiO9z%2BsreW6OQV9J81oxXHfA5KX8Qkuy%2Buv1%2FoKR4V5Vjkmj1PGT%2Frbt0URfm3b3eWW6fkRFyMxP5s9FrdTodD4OUY3m48AS6ngZQhgcSuPfGRo%2FbogGSigfnrcMZA08viTgP4%2BRhIbUqi5LJOMNesz3OlbkY2FzyTzECOMV6LeKIpugZLf6AaliYMseW9GDOlr%2BvWHnIGEESSeB7YeCP81vXkcGxNnp%2BGmYeF07QVAjZJRWOc7FUYpDYPy5sKdA9t6Q3OiY4OTrj1fgOX%2BOmbBHbjrAEGvbe5a5WB1UDTEf4MOsxQpobktXtPgNySMAGBw%3D%3D","environmentVariables":{"FIREBASE_CONFIG":"{\"projectId\":\"savannah-glow\",\"storageBucket\":\"savannah-glow.appspot.com\",\"locationId\":\"europe-west2\"}","GCLOUD_PROJECT":"savannah-glow"},"runtime":"nodejs14","ingressSettings":"ALLOW_ALL","buildId":"ca77edd0-0238-4483-975c-e1ea3eb94a66","buildName":"projects/199451664618/locations/us-central1/builds/ca77edd0-0238-4483-975c-e1ea3eb94a66"},"versionId":"77","updateTime":"2021-12-11T23:18:24Z","buildId":"945b2f4f-a275-4cb1-aa01-d003a62b0cc8","buildName":"projects/199451664618/locations/us-central1/builds/945b2f4f-a275-4cb1-aa01-d003a62b0cc8"}}
[debug] [2021-12-11T23:18:26.692Z] [update-projects/savannah-glow/locations/us-central1/functions/createRefund] Retrying task index 0
[debug] [2021-12-11T23:18:26.694Z] >>> [apiv2][query] GET https://cloudfunctions.googleapis.com/v1/operations/c2F2YW5uYWgtZ2xvdy91cy1jZW50cmFsMS9jcmVhdGVSZWZ1bmQvdFRobUduREVrWG8 [none]
[debug] [2021-12-11T23:18:27.271Z] <<< [apiv2][status] GET https://cloudfunctions.googleapis.com/v1/operations/c2F2YW5uYWgtZ2xvdy91cy1jZW50cmFsMS9jcmVhdGVSZWZ1bmQvdFRobUduREVrWG8 200
[debug] [2021-12-11T23:18:27.274Z] <<< [apiv2][body] GET https://cloudfunctions.googleapis.com/v1/operations/c2F2YW5uYWgtZ2xvdy91cy1jZW50cmFsMS9jcmVhdGVSZWZ1bmQvdFRobUduREVrWG8 {"name":"operations/c2F2YW5uYWgtZ2xvdy91cy1jZW50cmFsMS9jcmVhdGVSZWZ1bmQvdFRobUduREVrWG8","metadata":{"@type":"type.googleapis.com/google.cloud.functions.v1.OperationMetadataV1","target":"projects/savannah-glow/locations/us-central1/functions/createRefund","type":"UPDATE_FUNCTION","request":{"@type":"type.googleapis.com/google.cloud.functions.v1.CloudFunction","name":"projects/savannah-glow/locations/us-central1/functions/createRefund","httpsTrigger":{},"status":"ACTIVE","entryPoint":"createRefund","timeout":"540s","availableMemoryMb":2048,"serviceAccountEmail":"savannah-glow@appspot.gserviceaccount.com","updateTime":"2021-11-12T06:38:25.764Z","versionId":"70","labels":{"deployment-callable":"true","deployment-tool":"cli-firebase"},"sourceUploadUrl":"https://storage.googleapis.com/gcf-upload-us-central1-02651b10-2d0e-48c9-bfd8-ef5c111cb73a/95d74787-5004-4b4a-823a-2f2885967ae0.zip?GoogleAccessId=service-199451664618@gcf-admin-robot.iam.gserviceaccount.com&Expires=1639266502&Signature=LljgSSvG6%2B6RZWtRy9%2FyiO9z%2BsreW6OQV9J81oxXHfA5KX8Qkuy%2Buv1%2FoKR4V5Vjkmj1PGT%2Frbt0URfm3b3eWW6fkRFyMxP5s9FrdTodD4OUY3m48AS6ngZQhgcSuPfGRo%2FbogGSigfnrcMZA08viTgP4%2BRhIbUqi5LJOMNesz3OlbkY2FzyTzECOMV6LeKIpugZLf6AaliYMseW9GDOlr%2BvWHnIGEESSeB7YeCP81vXkcGxNnp%2BGmYeF07QVAjZJRWOc7FUYpDYPy5sKdA9t6Q3OiY4OTrj1fgOX%2BOmbBHbjrAEGvbe5a5WB1UDTEf4MOsxQpobktXtPgNySMAGBw%3D%3D","environmentVariables":{"FIREBASE_CONFIG":"{\"projectId\":\"savannah-glow\",\"storageBucket\":\"savannah-glow.appspot.com\",\"locationId\":\"europe-west2\"}","GCLOUD_PROJECT":"savannah-glow"},"runtime":"nodejs14","ingressSettings":"ALLOW_ALL","buildId":"ca77edd0-0238-4483-975c-e1ea3eb94a66","buildName":"projects/199451664618/locations/us-central1/builds/ca77edd0-0238-4483-975c-e1ea3eb94a66"},"versionId":"77","updateTime":"2021-12-11T23:18:24Z","buildId":"945b2f4f-a275-4cb1-aa01-d003a62b0cc8","buildName":"projects/199451664618/locations/us-central1/builds/945b2f4f-a275-4cb1-aa01-d003a62b0cc8"}}
[debug] [2021-12-11T23:18:28.289Z] [update-projects/savannah-glow/locations/us-central1/functions/createRefund] Retrying task index 0
[debug] [2021-12-11T23:18:28.292Z] >>> [apiv2][query] GET https://cloudfunctions.googleapis.com/v1/operations/c2F2YW5uYWgtZ2xvdy91cy1jZW50cmFsMS9jcmVhdGVSZWZ1bmQvdFRobUduREVrWG8 [none]
[debug] [2021-12-11T23:18:28.940Z] <<< [apiv2][status] GET https://cloudfunctions.googleapis.com/v1/operations/c2F2YW5uYWgtZ2xvdy91cy1jZW50cmFsMS9jcmVhdGVSZWZ1bmQvdFRobUduREVrWG8 200
[debug] [2021-12-11T23:18:28.941Z] <<< [apiv2][body] GET https://cloudfunctions.googleapis.com/v1/operations/c2F2YW5uYWgtZ2xvdy91cy1jZW50cmFsMS9jcmVhdGVSZWZ1bmQvdFRobUduREVrWG8 {"name":"operations/c2F2YW5uYWgtZ2xvdy91cy1jZW50cmFsMS9jcmVhdGVSZWZ1bmQvdFRobUduREVrWG8","metadata":{"@type":"type.googleapis.com/google.cloud.functions.v1.OperationMetadataV1","target":"projects/savannah-glow/locations/us-central1/functions/createRefund","type":"UPDATE_FUNCTION","request":{"@type":"type.googleapis.com/google.cloud.functions.v1.CloudFunction","name":"projects/savannah-glow/locations/us-central1/functions/createRefund","httpsTrigger":{},"status":"ACTIVE","entryPoint":"createRefund","timeout":"540s","availableMemoryMb":2048,"serviceAccountEmail":"savannah-glow@appspot.gserviceaccount.com","updateTime":"2021-11-12T06:38:25.764Z","versionId":"70","labels":{"deployment-callable":"true","deployment-tool":"cli-firebase"},"sourceUploadUrl":"https://storage.googleapis.com/gcf-upload-us-central1-02651b10-2d0e-48c9-bfd8-ef5c111cb73a/95d74787-5004-4b4a-823a-2f2885967ae0.zip?GoogleAccessId=service-199451664618@gcf-admin-robot.iam.gserviceaccount.com&Expires=1639266502&Signature=LljgSSvG6%2B6RZWtRy9%2FyiO9z%2BsreW6OQV9J81oxXHfA5KX8Qkuy%2Buv1%2FoKR4V5Vjkmj1PGT%2Frbt0URfm3b3eWW6fkRFyMxP5s9FrdTodD4OUY3m48AS6ngZQhgcSuPfGRo%2FbogGSigfnrcMZA08viTgP4%2BRhIbUqi5LJOMNesz3OlbkY2FzyTzECOMV6LeKIpugZLf6AaliYMseW9GDOlr%2BvWHnIGEESSeB7YeCP81vXkcGxNnp%2BGmYeF07QVAjZJRWOc7FUYpDYPy5sKdA9t6Q3OiY4OTrj1fgOX%2BOmbBHbjrAEGvbe5a5WB1UDTEf4MOsxQpobktXtPgNySMAGBw%3D%3D","environmentVariables":{"FIREBASE_CONFIG":"{\"projectId\":\"savannah-glow\",\"storageBucket\":\"savannah-glow.appspot.com\",\"locationId\":\"europe-west2\"}","GCLOUD_PROJECT":"savannah-glow"},"runtime":"nodejs14","ingressSettings":"ALLOW_ALL","buildId":"ca77edd0-0238-4483-975c-e1ea3eb94a66","buildName":"projects/199451664618/locations/us-central1/builds/ca77edd0-0238-4483-975c-e1ea3eb94a66"},"versionId":"77","updateTime":"2021-12-11T23:18:24Z","buildId":"945b2f4f-a275-4cb1-aa01-d003a62b0cc8","buildName":"projects/199451664618/locations/us-central1/builds/945b2f4f-a275-4cb1-aa01-d003a62b0cc8"}}
[debug] [2021-12-11T23:18:30.958Z] [update-projects/savannah-glow/locations/us-central1/functions/createRefund] Retrying task index 0
[debug] [2021-12-11T23:18:30.961Z] >>> [apiv2][query] GET https://cloudfunctions.googleapis.com/v1/operations/c2F2YW5uYWgtZ2xvdy91cy1jZW50cmFsMS9jcmVhdGVSZWZ1bmQvdFRobUduREVrWG8 [none]
[debug] [2021-12-11T23:18:31.549Z] <<< [apiv2][status] GET https://cloudfunctions.googleapis.com/v1/operations/c2F2YW5uYWgtZ2xvdy91cy1jZW50cmFsMS9jcmVhdGVSZWZ1bmQvdFRobUduREVrWG8 200
[debug] [2021-12-11T23:18:31.550Z] <<< [apiv2][body] GET https://cloudfunctions.googleapis.com/v1/operations/c2F2YW5uYWgtZ2xvdy91cy1jZW50cmFsMS9jcmVhdGVSZWZ1bmQvdFRobUduREVrWG8 {"name":"operations/c2F2YW5uYWgtZ2xvdy91cy1jZW50cmFsMS9jcmVhdGVSZWZ1bmQvdFRobUduREVrWG8","metadata":{"@type":"type.googleapis.com/google.cloud.functions.v1.OperationMetadataV1","target":"projects/savannah-glow/locations/us-central1/functions/createRefund","type":"UPDATE_FUNCTION","request":{"@type":"type.googleapis.com/google.cloud.functions.v1.CloudFunction","name":"projects/savannah-glow/locations/us-central1/functions/createRefund","httpsTrigger":{},"status":"ACTIVE","entryPoint":"createRefund","timeout":"540s","availableMemoryMb":2048,"serviceAccountEmail":"savannah-glow@appspot.gserviceaccount.com","updateTime":"2021-11-12T06:38:25.764Z","versionId":"70","labels":{"deployment-callable":"true","deployment-tool":"cli-firebase"},"sourceUploadUrl":"https://storage.googleapis.com/gcf-upload-us-central1-02651b10-2d0e-48c9-bfd8-ef5c111cb73a/95d74787-5004-4b4a-823a-2f2885967ae0.zip?GoogleAccessId=service-199451664618@gcf-admin-robot.iam.gserviceaccount.com&Expires=1639266502&Signature=LljgSSvG6%2B6RZWtRy9%2FyiO9z%2BsreW6OQV9J81oxXHfA5KX8Qkuy%2Buv1%2FoKR4V5Vjkmj1PGT%2Frbt0URfm3b3eWW6fkRFyMxP5s9FrdTodD4OUY3m48AS6ngZQhgcSuPfGRo%2FbogGSigfnrcMZA08viTgP4%2BRhIbUqi5LJOMNesz3OlbkY2FzyTzECOMV6LeKIpugZLf6AaliYMseW9GDOlr%2BvWHnIGEESSeB7YeCP81vXkcGxNnp%2BGmYeF07QVAjZJRWOc7FUYpDYPy5sKdA9t6Q3OiY4OTrj1fgOX%2BOmbBHbjrAEGvbe5a5WB1UDTEf4MOsxQpobktXtPgNySMAGBw%3D%3D","environmentVariables":{"FIREBASE_CONFIG":"{\"projectId\":\"savannah-glow\",\"storageBucket\":\"savannah-glow.appspot.com\",\"locationId\":\"europe-west2\"}","GCLOUD_PROJECT":"savannah-glow"},"runtime":"nodejs14","ingressSettings":"ALLOW_ALL","buildId":"ca77edd0-0238-4483-975c-e1ea3eb94a66","buildName":"projects/199451664618/locations/us-central1/builds/ca77edd0-0238-4483-975c-e1ea3eb94a66"},"versionId":"77","updateTime":"2021-12-11T23:18:24Z","buildId":"945b2f4f-a275-4cb1-aa01-d003a62b0cc8","buildName":"projects/199451664618/locations/us-central1/builds/945b2f4f-a275-4cb1-aa01-d003a62b0cc8"}}
[debug] [2021-12-11T23:18:35.565Z] [update-projects/savannah-glow/locations/us-central1/functions/createRefund] Retrying task index 0
[debug] [2021-12-11T23:18:35.568Z] >>> [apiv2][query] GET https://cloudfunctions.googleapis.com/v1/operations/c2F2YW5uYWgtZ2xvdy91cy1jZW50cmFsMS9jcmVhdGVSZWZ1bmQvdFRobUduREVrWG8 [none]
[debug] [2021-12-11T23:18:36.109Z] <<< [apiv2][status] GET https://cloudfunctions.googleapis.com/v1/operations/c2F2YW5uYWgtZ2xvdy91cy1jZW50cmFsMS9jcmVhdGVSZWZ1bmQvdFRobUduREVrWG8 200
[debug] [2021-12-11T23:18:36.111Z] <<< [apiv2][body] GET https://cloudfunctions.googleapis.com/v1/operations/c2F2YW5uYWgtZ2xvdy91cy1jZW50cmFsMS9jcmVhdGVSZWZ1bmQvdFRobUduREVrWG8 {"name":"operations/c2F2YW5uYWgtZ2xvdy91cy1jZW50cmFsMS9jcmVhdGVSZWZ1bmQvdFRobUduREVrWG8","metadata":{"@type":"type.googleapis.com/google.cloud.functions.v1.OperationMetadataV1","target":"projects/savannah-glow/locations/us-central1/functions/createRefund","type":"UPDATE_FUNCTION","request":{"@type":"type.googleapis.com/google.cloud.functions.v1.CloudFunction","name":"projects/savannah-glow/locations/us-central1/functions/createRefund","httpsTrigger":{},"status":"ACTIVE","entryPoint":"createRefund","timeout":"540s","availableMemoryMb":2048,"serviceAccountEmail":"savannah-glow@appspot.gserviceaccount.com","updateTime":"2021-11-12T06:38:25.764Z","versionId":"70","labels":{"deployment-callable":"true","deployment-tool":"cli-firebase"},"sourceUploadUrl":"https://storage.googleapis.com/gcf-upload-us-central1-02651b10-2d0e-48c9-bfd8-ef5c111cb73a/95d74787-5004-4b4a-823a-2f2885967ae0.zip?GoogleAccessId=service-199451664618@gcf-admin-robot.iam.gserviceaccount.com&Expires=1639266502&Signature=LljgSSvG6%2B6RZWtRy9%2FyiO9z%2BsreW6OQV9J81oxXHfA5KX8Qkuy%2Buv1%2FoKR4V5Vjkmj1PGT%2Frbt0URfm3b3eWW6fkRFyMxP5s9FrdTodD4OUY3m48AS6ngZQhgcSuPfGRo%2FbogGSigfnrcMZA08viTgP4%2BRhIbUqi5LJOMNesz3OlbkY2FzyTzECOMV6LeKIpugZLf6AaliYMseW9GDOlr%2BvWHnIGEESSeB7YeCP81vXkcGxNnp%2BGmYeF07QVAjZJRWOc7FUYpDYPy5sKdA9t6Q3OiY4OTrj1fgOX%2BOmbBHbjrAEGvbe5a5WB1UDTEf4MOsxQpobktXtPgNySMAGBw%3D%3D","environmentVariables":{"FIREBASE_CONFIG":"{\"projectId\":\"savannah-glow\",\"storageBucket\":\"savannah-glow.appspot.com\",\"locationId\":\"europe-west2\"}","GCLOUD_PROJECT":"savannah-glow"},"runtime":"nodejs14","ingressSettings":"ALLOW_ALL","buildId":"ca77edd0-0238-4483-975c-e1ea3eb94a66","buildName":"projects/199451664618/locations/us-central1/builds/ca77edd0-0238-4483-975c-e1ea3eb94a66"},"versionId":"77","updateTime":"2021-12-11T23:18:24Z","buildId":"945b2f4f-a275-4cb1-aa01-d003a62b0cc8","buildName":"projects/199451664618/locations/us-central1/builds/945b2f4f-a275-4cb1-aa01-d003a62b0cc8"}}
[debug] [2021-12-11T23:18:44.125Z] [update-projects/savannah-glow/locations/us-central1/functions/createRefund] Retrying task index 0
[debug] [2021-12-11T23:18:44.128Z] >>> [apiv2][query] GET https://cloudfunctions.googleapis.com/v1/operations/c2F2YW5uYWgtZ2xvdy91cy1jZW50cmFsMS9jcmVhdGVSZWZ1bmQvdFRobUduREVrWG8 [none]
[debug] [2021-12-11T23:18:44.833Z] <<< [apiv2][status] GET https://cloudfunctions.googleapis.com/v1/operations/c2F2YW5uYWgtZ2xvdy91cy1jZW50cmFsMS9jcmVhdGVSZWZ1bmQvdFRobUduREVrWG8 200
[debug] [2021-12-11T23:18:44.835Z] <<< [apiv2][body] GET https://cloudfunctions.googleapis.com/v1/operations/c2F2YW5uYWgtZ2xvdy91cy1jZW50cmFsMS9jcmVhdGVSZWZ1bmQvdFRobUduREVrWG8 {"name":"operations/c2F2YW5uYWgtZ2xvdy91cy1jZW50cmFsMS9jcmVhdGVSZWZ1bmQvdFRobUduREVrWG8","metadata":{"@type":"type.googleapis.com/google.cloud.functions.v1.OperationMetadataV1","target":"projects/savannah-glow/locations/us-central1/functions/createRefund","type":"UPDATE_FUNCTION","request":{"@type":"type.googleapis.com/google.cloud.functions.v1.CloudFunction","name":"projects/savannah-glow/locations/us-central1/functions/createRefund","httpsTrigger":{},"status":"ACTIVE","entryPoint":"createRefund","timeout":"540s","availableMemoryMb":2048,"serviceAccountEmail":"savannah-glow@appspot.gserviceaccount.com","updateTime":"2021-11-12T06:38:25.764Z","versionId":"70","labels":{"deployment-callable":"true","deployment-tool":"cli-firebase"},"sourceUploadUrl":"https://storage.googleapis.com/gcf-upload-us-central1-02651b10-2d0e-48c9-bfd8-ef5c111cb73a/95d74787-5004-4b4a-823a-2f2885967ae0.zip?GoogleAccessId=service-199451664618@gcf-admin-robot.iam.gserviceaccount.com&Expires=1639266502&Signature=LljgSSvG6%2B6RZWtRy9%2FyiO9z%2BsreW6OQV9J81oxXHfA5KX8Qkuy%2Buv1%2FoKR4V5Vjkmj1PGT%2Frbt0URfm3b3eWW6fkRFyMxP5s9FrdTodD4OUY3m48AS6ngZQhgcSuPfGRo%2FbogGSigfnrcMZA08viTgP4%2BRhIbUqi5LJOMNesz3OlbkY2FzyTzECOMV6LeKIpugZLf6AaliYMseW9GDOlr%2BvWHnIGEESSeB7YeCP81vXkcGxNnp%2BGmYeF07QVAjZJRWOc7FUYpDYPy5sKdA9t6Q3OiY4OTrj1fgOX%2BOmbBHbjrAEGvbe5a5WB1UDTEf4MOsxQpobktXtPgNySMAGBw%3D%3D","environmentVariables":{"FIREBASE_CONFIG":"{\"projectId\":\"savannah-glow\",\"storageBucket\":\"savannah-glow.appspot.com\",\"locationId\":\"europe-west2\"}","GCLOUD_PROJECT":"savannah-glow"},"runtime":"nodejs14","ingressSettings":"ALLOW_ALL","buildId":"ca77edd0-0238-4483-975c-e1ea3eb94a66","buildName":"projects/199451664618/locations/us-central1/builds/ca77edd0-0238-4483-975c-e1ea3eb94a66"},"versionId":"77","updateTime":"2021-12-11T23:18:24Z","buildId":"945b2f4f-a275-4cb1-aa01-d003a62b0cc8","buildName":"projects/199451664618/locations/us-central1/builds/945b2f4f-a275-4cb1-aa01-d003a62b0cc8"}}
[debug] [2021-12-11T23:19:00.861Z] [update-projects/savannah-glow/locations/us-central1/functions/createRefund] Retrying task index 0
[debug] [2021-12-11T23:19:00.863Z] >>> [apiv2][query] GET https://cloudfunctions.googleapis.com/v1/operations/c2F2YW5uYWgtZ2xvdy91cy1jZW50cmFsMS9jcmVhdGVSZWZ1bmQvdFRobUduREVrWG8 [none]
[debug] [2021-12-11T23:19:01.516Z] <<< [apiv2][status] GET https://cloudfunctions.googleapis.com/v1/operations/c2F2YW5uYWgtZ2xvdy91cy1jZW50cmFsMS9jcmVhdGVSZWZ1bmQvdFRobUduREVrWG8 200
[debug] [2021-12-11T23:19:01.518Z] <<< [apiv2][body] GET https://cloudfunctions.googleapis.com/v1/operations/c2F2YW5uYWgtZ2xvdy91cy1jZW50cmFsMS9jcmVhdGVSZWZ1bmQvdFRobUduREVrWG8 {"name":"operations/c2F2YW5uYWgtZ2xvdy91cy1jZW50cmFsMS9jcmVhdGVSZWZ1bmQvdFRobUduREVrWG8","metadata":{"@type":"type.googleapis.com/google.cloud.functions.v1.OperationMetadataV1","target":"projects/savannah-glow/locations/us-central1/functions/createRefund","type":"UPDATE_FUNCTION","request":{"@type":"type.googleapis.com/google.cloud.functions.v1.CloudFunction","name":"projects/savannah-glow/locations/us-central1/functions/createRefund","httpsTrigger":{},"status":"ACTIVE","entryPoint":"createRefund","timeout":"540s","availableMemoryMb":2048,"serviceAccountEmail":"savannah-glow@appspot.gserviceaccount.com","updateTime":"2021-11-12T06:38:25.764Z","versionId":"70","labels":{"deployment-callable":"true","deployment-tool":"cli-firebase"},"sourceUploadUrl":"https://storage.googleapis.com/gcf-upload-us-central1-02651b10-2d0e-48c9-bfd8-ef5c111cb73a/95d74787-5004-4b4a-823a-2f2885967ae0.zip?GoogleAccessId=service-199451664618@gcf-admin-robot.iam.gserviceaccount.com&Expires=1639266502&Signature=LljgSSvG6%2B6RZWtRy9%2FyiO9z%2BsreW6OQV9J81oxXHfA5KX8Qkuy%2Buv1%2FoKR4V5Vjkmj1PGT%2Frbt0URfm3b3eWW6fkRFyMxP5s9FrdTodD4OUY3m48AS6ngZQhgcSuPfGRo%2FbogGSigfnrcMZA08viTgP4%2BRhIbUqi5LJOMNesz3OlbkY2FzyTzECOMV6LeKIpugZLf6AaliYMseW9GDOlr%2BvWHnIGEESSeB7YeCP81vXkcGxNnp%2BGmYeF07QVAjZJRWOc7FUYpDYPy5sKdA9t6Q3OiY4OTrj1fgOX%2BOmbBHbjrAEGvbe5a5WB1UDTEf4MOsxQpobktXtPgNySMAGBw%3D%3D","environmentVariables":{"FIREBASE_CONFIG":"{\"projectId\":\"savannah-glow\",\"storageBucket\":\"savannah-glow.appspot.com\",\"locationId\":\"europe-west2\"}","GCLOUD_PROJECT":"savannah-glow"},"runtime":"nodejs14","ingressSettings":"ALLOW_ALL","buildId":"ca77edd0-0238-4483-975c-e1ea3eb94a66","buildName":"projects/199451664618/locations/us-central1/builds/ca77edd0-0238-4483-975c-e1ea3eb94a66"},"versionId":"77","updateTime":"2021-12-11T23:18:24Z","buildId":"945b2f4f-a275-4cb1-aa01-d003a62b0cc8","buildName":"projects/199451664618/locations/us-central1/builds/945b2f4f-a275-4cb1-aa01-d003a62b0cc8"}}
[debug] [2021-12-11T23:19:33.546Z] [update-projects/savannah-glow/locations/us-central1/functions/createRefund] Retrying task index 0
[debug] [2021-12-11T23:19:33.551Z] >>> [apiv2][query] GET https://cloudfunctions.googleapis.com/v1/operations/c2F2YW5uYWgtZ2xvdy91cy1jZW50cmFsMS9jcmVhdGVSZWZ1bmQvdFRobUduREVrWG8 [none]
[debug] [2021-12-11T23:19:34.211Z] <<< [apiv2][status] GET https://cloudfunctions.googleapis.com/v1/operations/c2F2YW5uYWgtZ2xvdy91cy1jZW50cmFsMS9jcmVhdGVSZWZ1bmQvdFRobUduREVrWG8 200
[debug] [2021-12-11T23:19:34.213Z] <<< [apiv2][body] GET https://cloudfunctions.googleapis.com/v1/operations/c2F2YW5uYWgtZ2xvdy91cy1jZW50cmFsMS9jcmVhdGVSZWZ1bmQvdFRobUduREVrWG8 {"name":"operations/c2F2YW5uYWgtZ2xvdy91cy1jZW50cmFsMS9jcmVhdGVSZWZ1bmQvdFRobUduREVrWG8","metadata":{"@type":"type.googleapis.com/google.cloud.functions.v1.OperationMetadataV1","target":"projects/savannah-glow/locations/us-central1/functions/createRefund","type":"UPDATE_FUNCTION","request":{"@type":"type.googleapis.com/google.cloud.functions.v1.CloudFunction","name":"projects/savannah-glow/locations/us-central1/functions/createRefund","httpsTrigger":{},"status":"ACTIVE","entryPoint":"createRefund","timeout":"540s","availableMemoryMb":2048,"serviceAccountEmail":"savannah-glow@appspot.gserviceaccount.com","updateTime":"2021-11-12T06:38:25.764Z","versionId":"70","labels":{"deployment-callable":"true","deployment-tool":"cli-firebase"},"sourceUploadUrl":"https://storage.googleapis.com/gcf-upload-us-central1-02651b10-2d0e-48c9-bfd8-ef5c111cb73a/95d74787-5004-4b4a-823a-2f2885967ae0.zip?GoogleAccessId=service-199451664618@gcf-admin-robot.iam.gserviceaccount.com&Expires=1639266502&Signature=LljgSSvG6%2B6RZWtRy9%2FyiO9z%2BsreW6OQV9J81oxXHfA5KX8Qkuy%2Buv1%2FoKR4V5Vjkmj1PGT%2Frbt0URfm3b3eWW6fkRFyMxP5s9FrdTodD4OUY3m48AS6ngZQhgcSuPfGRo%2FbogGSigfnrcMZA08viTgP4%2BRhIbUqi5LJOMNesz3OlbkY2FzyTzECOMV6LeKIpugZLf6AaliYMseW9GDOlr%2BvWHnIGEESSeB7YeCP81vXkcGxNnp%2BGmYeF07QVAjZJRWOc7FUYpDYPy5sKdA9t6Q3OiY4OTrj1fgOX%2BOmbBHbjrAEGvbe5a5WB1UDTEf4MOsxQpobktXtPgNySMAGBw%3D%3D","environmentVariables":{"FIREBASE_CONFIG":"{\"projectId\":\"savannah-glow\",\"storageBucket\":\"savannah-glow.appspot.com\",\"locationId\":\"europe-west2\"}","GCLOUD_PROJECT":"savannah-glow"},"runtime":"nodejs14","ingressSettings":"ALLOW_ALL","buildId":"ca77edd0-0238-4483-975c-e1ea3eb94a66","buildName":"projects/199451664618/locations/us-central1/builds/ca77edd0-0238-4483-975c-e1ea3eb94a66"},"versionId":"77","updateTime":"2021-12-11T23:19:15Z","buildId":"945b2f4f-a275-4cb1-aa01-d003a62b0cc8","sourceToken":"50e66be4-455c-42b8-8d9c-1c2f06a4405d","buildName":"projects/199451664618/locations/us-central1/builds/945b2f4f-a275-4cb1-aa01-d003a62b0cc8"},"done":true,"error":{"code":3,"message":"Function failed on loading user code. This is likely due to a bug in the user code. Error message: Error: please examine your function logs to see the error cause: https://cloud.google.com/functions/docs/monitoring/logging#viewing_logs. Additional troubleshooting documentation can be found at https://cloud.google.com/functions/docs/troubleshooting#logging. Please visit https://cloud.google.com/functions/docs/troubleshooting for in-depth troubleshooting documentation."}}
[debug] [2021-12-11T23:19:34.224Z] Got sourceToken 50e66be4-455c-42b8-8d9c-1c2f06a4405d for region us-central1
[debug] [2021-12-11T23:19:34.236Z] Total Function Deployment time: 70043
[debug] [2021-12-11T23:19:34.237Z] 1 Functions Deployed
[debug] [2021-12-11T23:19:34.237Z] 1 Functions Errored
[debug] [2021-12-11T23:19:34.238Z] Average Function Deployment time: 70038
[info] i  functions: cleaning up build files... 
[debug] [2021-12-11T23:19:34.249Z] >>> [apiv2][query] GET https://us.gcr.io/v2/savannah-glow/gcf/us-central1/tags/list [none]
[debug] [2021-12-11T23:19:34.252Z] >>> [apiv2][query] GET https://us.gcr.io/v2/savannah-glow/gcf/us-central1/tags/list [none]
[debug] [2021-12-11T23:19:34.256Z] >>> [apiv2][query] GET https://us.gcr.io/v2/savannah-glow/gcf/us-central1/tags/list [none]
[debug] [2021-12-11T23:19:34.259Z] >>> [apiv2][query] GET https://us.gcr.io/v2/savannah-glow/gcf/us-central1/tags/list [none]
[debug] [2021-12-11T23:19:34.263Z] >>> [apiv2][query] GET https://us.gcr.io/v2/savannah-glow/gcf/us-central1/tags/list [none]
[debug] [2021-12-11T23:19:34.265Z] >>> [apiv2][query] GET https://us.gcr.io/v2/savannah-glow/gcf/us-central1/tags/list [none]
[debug] [2021-12-11T23:19:34.267Z] >>> [apiv2][query] GET https://us.gcr.io/v2/savannah-glow/gcf/us-central1/tags/list [none]
[debug] [2021-12-11T23:19:34.270Z] >>> [apiv2][query] GET https://us.gcr.io/v2/savannah-glow/gcf/us-central1/tags/list [none]
[debug] [2021-12-11T23:19:34.273Z] >>> [apiv2][query] GET https://us.gcr.io/v2/savannah-glow/gcf/us-central1/tags/list [none]
[debug] [2021-12-11T23:19:35.203Z] <<< [apiv2][status] GET https://us.gcr.io/v2/savannah-glow/gcf/us-central1/tags/list 200
[debug] [2021-12-11T23:19:35.204Z] <<< [apiv2][body] GET https://us.gcr.io/v2/savannah-glow/gcf/us-central1/tags/list {"child":["214eeab6-6f4e-4ec0-affc-4f02ff73cbfa"],"manifest":{},"name":"savannah-glow/gcf/us-central1","tags":[]}
[debug] [2021-12-11T23:19:35.207Z] >>> [apiv2][query] GET https://us.gcr.io/v2/savannah-glow/gcf/us-central1/214eeab6-6f4e-4ec0-affc-4f02ff73cbfa/tags/list [none]
[debug] [2021-12-11T23:19:35.502Z] <<< [apiv2][status] GET https://us.gcr.io/v2/savannah-glow/gcf/us-central1/tags/list 200
[debug] [2021-12-11T23:19:35.502Z] <<< [apiv2][body] GET https://us.gcr.io/v2/savannah-glow/gcf/us-central1/tags/list {"child":["214eeab6-6f4e-4ec0-affc-4f02ff73cbfa"],"manifest":{},"name":"savannah-glow/gcf/us-central1","tags":[]}
[debug] [2021-12-11T23:19:35.503Z] >>> [apiv2][query] GET https://us.gcr.io/v2/savannah-glow/gcf/us-central1/214eeab6-6f4e-4ec0-affc-4f02ff73cbfa/tags/list [none]
[debug] [2021-12-11T23:19:35.507Z] <<< [apiv2][status] GET https://us.gcr.io/v2/savannah-glow/gcf/us-central1/tags/list 200
[debug] [2021-12-11T23:19:35.508Z] <<< [apiv2][body] GET https://us.gcr.io/v2/savannah-glow/gcf/us-central1/tags/list {"child":["214eeab6-6f4e-4ec0-affc-4f02ff73cbfa"],"manifest":{},"name":"savannah-glow/gcf/us-central1","tags":[]}
[debug] [2021-12-11T23:19:35.509Z] >>> [apiv2][query] GET https://us.gcr.io/v2/savannah-glow/gcf/us-central1/214eeab6-6f4e-4ec0-affc-4f02ff73cbfa/tags/list [none]
[debug] [2021-12-11T23:19:35.513Z] <<< [apiv2][status] GET https://us.gcr.io/v2/savannah-glow/gcf/us-central1/tags/list 200
[debug] [2021-12-11T23:19:35.513Z] <<< [apiv2][body] GET https://us.gcr.io/v2/savannah-glow/gcf/us-central1/tags/list {"child":["214eeab6-6f4e-4ec0-affc-4f02ff73cbfa"],"manifest":{},"name":"savannah-glow/gcf/us-central1","tags":[]}
[debug] [2021-12-11T23:19:35.514Z] >>> [apiv2][query] GET https://us.gcr.io/v2/savannah-glow/gcf/us-central1/214eeab6-6f4e-4ec0-affc-4f02ff73cbfa/tags/list [none]
[debug] [2021-12-11T23:19:35.518Z] <<< [apiv2][status] GET https://us.gcr.io/v2/savannah-glow/gcf/us-central1/tags/list 200
[debug] [2021-12-11T23:19:35.519Z] <<< [apiv2][body] GET https://us.gcr.io/v2/savannah-glow/gcf/us-central1/tags/list {"child":["214eeab6-6f4e-4ec0-affc-4f02ff73cbfa"],"manifest":{},"name":"savannah-glow/gcf/us-central1","tags":[]}
[debug] [2021-12-11T23:19:35.520Z] >>> [apiv2][query] GET https://us.gcr.io/v2/savannah-glow/gcf/us-central1/214eeab6-6f4e-4ec0-affc-4f02ff73cbfa/tags/list [none]
[debug] [2021-12-11T23:19:35.525Z] <<< [apiv2][status] GET https://us.gcr.io/v2/savannah-glow/gcf/us-central1/tags/list 200
[debug] [2021-12-11T23:19:35.526Z] <<< [apiv2][body] GET https://us.gcr.io/v2/savannah-glow/gcf/us-central1/tags/list {"child":["214eeab6-6f4e-4ec0-affc-4f02ff73cbfa"],"manifest":{},"name":"savannah-glow/gcf/us-central1","tags":[]}
[debug] [2021-12-11T23:19:35.527Z] >>> [apiv2][query] GET https://us.gcr.io/v2/savannah-glow/gcf/us-central1/214eeab6-6f4e-4ec0-affc-4f02ff73cbfa/tags/list [none]
[debug] [2021-12-11T23:19:35.531Z] <<< [apiv2][status] GET https://us.gcr.io/v2/savannah-glow/gcf/us-central1/tags/list 200
[debug] [2021-12-11T23:19:35.532Z] <<< [apiv2][body] GET https://us.gcr.io/v2/savannah-glow/gcf/us-central1/tags/list {"child":["214eeab6-6f4e-4ec0-affc-4f02ff73cbfa"],"manifest":{},"name":"savannah-glow/gcf/us-central1","tags":[]}
[debug] [2021-12-11T23:19:35.533Z] >>> [apiv2][query] GET https://us.gcr.io/v2/savannah-glow/gcf/us-central1/214eeab6-6f4e-4ec0-affc-4f02ff73cbfa/tags/list [none]
[debug] [2021-12-11T23:19:35.543Z] <<< [apiv2][status] GET https://us.gcr.io/v2/savannah-glow/gcf/us-central1/tags/list 200
[debug] [2021-12-11T23:19:35.544Z] <<< [apiv2][body] GET https://us.gcr.io/v2/savannah-glow/gcf/us-central1/tags/list {"child":["214eeab6-6f4e-4ec0-affc-4f02ff73cbfa"],"manifest":{},"name":"savannah-glow/gcf/us-central1","tags":[]}
[debug] [2021-12-11T23:19:35.545Z] >>> [apiv2][query] GET https://us.gcr.io/v2/savannah-glow/gcf/us-central1/214eeab6-6f4e-4ec0-affc-4f02ff73cbfa/tags/list [none]
[debug] [2021-12-11T23:19:35.549Z] <<< [apiv2][status] GET https://us.gcr.io/v2/savannah-glow/gcf/us-central1/tags/list 200
[debug] [2021-12-11T23:19:35.551Z] <<< [apiv2][body] GET https://us.gcr.io/v2/savannah-glow/gcf/us-central1/tags/list {"child":["214eeab6-6f4e-4ec0-affc-4f02ff73cbfa"],"manifest":{},"name":"savannah-glow/gcf/us-central1","tags":[]}
[debug] [2021-12-11T23:19:35.552Z] >>> [apiv2][query] GET https://us.gcr.io/v2/savannah-glow/gcf/us-central1/214eeab6-6f4e-4ec0-affc-4f02ff73cbfa/tags/list [none]
[debug] [2021-12-11T23:19:35.994Z] <<< [apiv2][status] GET https://us.gcr.io/v2/savannah-glow/gcf/us-central1/214eeab6-6f4e-4ec0-affc-4f02ff73cbfa/tags/list 200
[debug] [2021-12-11T23:19:35.996Z] <<< [apiv2][body] GET https://us.gcr.io/v2/savannah-glow/gcf/us-central1/214eeab6-6f4e-4ec0-affc-4f02ff73cbfa/tags/list {"child":["cache"],"manifest":{"sha256:013c1dcbd337f8e4b99834b6d7596406276ddb44b5ae5274d5cb357a5bbc5326":{"imageSizeBytes":"423708453","layerId":"","mediaType":"application/vnd.docker.distribution.manifest.v2+json","tag":["createRefund_version-77","latest"],"timeCreatedMs":"315532801000","timeUploadedMs":"1639264740991"}},"name":"savannah-glow/gcf/us-central1/214eeab6-6f4e-4ec0-affc-4f02ff73cbfa","tags":["createRefund_version-77","latest"]}
[debug] [2021-12-11T23:19:36.000Z] Could not find image for function projects/savannah-glow/locations/us-central1/functions/payOnDelivery
[debug] [2021-12-11T23:19:36.382Z] <<< [apiv2][status] GET https://us.gcr.io/v2/savannah-glow/gcf/us-central1/214eeab6-6f4e-4ec0-affc-4f02ff73cbfa/tags/list 200
[debug] [2021-12-11T23:19:36.384Z] <<< [apiv2][body] GET https://us.gcr.io/v2/savannah-glow/gcf/us-central1/214eeab6-6f4e-4ec0-affc-4f02ff73cbfa/tags/list {"child":["cache"],"manifest":{"sha256:013c1dcbd337f8e4b99834b6d7596406276ddb44b5ae5274d5cb357a5bbc5326":{"imageSizeBytes":"423708453","layerId":"","mediaType":"application/vnd.docker.distribution.manifest.v2+json","tag":["createRefund_version-77","latest"],"timeCreatedMs":"315532801000","timeUploadedMs":"1639264740991"}},"name":"savannah-glow/gcf/us-central1/214eeab6-6f4e-4ec0-affc-4f02ff73cbfa","tags":["createRefund_version-77","latest"]}
[debug] [2021-12-11T23:19:36.387Z] Could not find image for function projects/savannah-glow/locations/us-central1/functions/createUserInFirestore
[debug] [2021-12-11T23:19:36.758Z] <<< [apiv2][status] GET https://us.gcr.io/v2/savannah-glow/gcf/us-central1/214eeab6-6f4e-4ec0-affc-4f02ff73cbfa/tags/list 200
[debug] [2021-12-11T23:19:36.759Z] <<< [apiv2][body] GET https://us.gcr.io/v2/savannah-glow/gcf/us-central1/214eeab6-6f4e-4ec0-affc-4f02ff73cbfa/tags/list {"child":["cache"],"manifest":{"sha256:013c1dcbd337f8e4b99834b6d7596406276ddb44b5ae5274d5cb357a5bbc5326":{"imageSizeBytes":"423708453","layerId":"","mediaType":"application/vnd.docker.distribution.manifest.v2+json","tag":["createRefund_version-77","latest"],"timeCreatedMs":"315532801000","timeUploadedMs":"1639264740991"}},"name":"savannah-glow/gcf/us-central1/214eeab6-6f4e-4ec0-affc-4f02ff73cbfa","tags":["createRefund_version-77","latest"]}
[debug] [2021-12-11T23:19:36.761Z] Could not find image for function projects/savannah-glow/locations/us-central1/functions/chargeCard
[debug] [2021-12-11T23:19:36.762Z] <<< [apiv2][status] GET https://us.gcr.io/v2/savannah-glow/gcf/us-central1/214eeab6-6f4e-4ec0-affc-4f02ff73cbfa/tags/list 200
[debug] [2021-12-11T23:19:36.762Z] <<< [apiv2][body] GET https://us.gcr.io/v2/savannah-glow/gcf/us-central1/214eeab6-6f4e-4ec0-affc-4f02ff73cbfa/tags/list {"child":["cache"],"manifest":{"sha256:013c1dcbd337f8e4b99834b6d7596406276ddb44b5ae5274d5cb357a5bbc5326":{"imageSizeBytes":"423708453","layerId":"","mediaType":"application/vnd.docker.distribution.manifest.v2+json","tag":["createRefund_version-77","latest"],"timeCreatedMs":"315532801000","timeUploadedMs":"1639264740991"}},"name":"savannah-glow/gcf/us-central1/214eeab6-6f4e-4ec0-affc-4f02ff73cbfa","tags":["createRefund_version-77","latest"]}
[debug] [2021-12-11T23:19:36.764Z] Could not find image for function projects/savannah-glow/locations/us-central1/functions/payStackTransctionVerification
[debug] [2021-12-11T23:19:36.765Z] <<< [apiv2][status] GET https://us.gcr.io/v2/savannah-glow/gcf/us-central1/214eeab6-6f4e-4ec0-affc-4f02ff73cbfa/tags/list 200
[debug] [2021-12-11T23:19:36.766Z] <<< [apiv2][body] GET https://us.gcr.io/v2/savannah-glow/gcf/us-central1/214eeab6-6f4e-4ec0-affc-4f02ff73cbfa/tags/list {"child":["cache"],"manifest":{"sha256:013c1dcbd337f8e4b99834b6d7596406276ddb44b5ae5274d5cb357a5bbc5326":{"imageSizeBytes":"423708453","layerId":"","mediaType":"application/vnd.docker.distribution.manifest.v2+json","tag":["createRefund_version-77","latest"],"timeCreatedMs":"315532801000","timeUploadedMs":"1639264740991"}},"name":"savannah-glow/gcf/us-central1/214eeab6-6f4e-4ec0-affc-4f02ff73cbfa","tags":["createRefund_version-77","latest"]}
[debug] [2021-12-11T23:19:36.767Z] Could not find image for function projects/savannah-glow/locations/us-central1/functions/assignRole
[debug] [2021-12-11T23:19:36.769Z] <<< [apiv2][status] GET https://us.gcr.io/v2/savannah-glow/gcf/us-central1/214eeab6-6f4e-4ec0-affc-4f02ff73cbfa/tags/list 200
[debug] [2021-12-11T23:19:36.770Z] <<< [apiv2][body] GET https://us.gcr.io/v2/savannah-glow/gcf/us-central1/214eeab6-6f4e-4ec0-affc-4f02ff73cbfa/tags/list {"child":["cache"],"manifest":{"sha256:013c1dcbd337f8e4b99834b6d7596406276ddb44b5ae5274d5cb357a5bbc5326":{"imageSizeBytes":"423708453","layerId":"","mediaType":"application/vnd.docker.distribution.manifest.v2+json","tag":["createRefund_version-77","latest"],"timeCreatedMs":"315532801000","timeUploadedMs":"1639264740991"}},"name":"savannah-glow/gcf/us-central1/214eeab6-6f4e-4ec0-affc-4f02ff73cbfa","tags":["createRefund_version-77","latest"]}
[debug] [2021-12-11T23:19:36.771Z] Could not find image for function projects/savannah-glow/locations/us-central1/functions/deleteUsers
[debug] [2021-12-11T23:19:36.773Z] <<< [apiv2][status] GET https://us.gcr.io/v2/savannah-glow/gcf/us-central1/214eeab6-6f4e-4ec0-affc-4f02ff73cbfa/tags/list 200
[debug] [2021-12-11T23:19:36.773Z] <<< [apiv2][body] GET https://us.gcr.io/v2/savannah-glow/gcf/us-central1/214eeab6-6f4e-4ec0-affc-4f02ff73cbfa/tags/list {"child":["cache"],"manifest":{"sha256:013c1dcbd337f8e4b99834b6d7596406276ddb44b5ae5274d5cb357a5bbc5326":{"imageSizeBytes":"423708453","layerId":"","mediaType":"application/vnd.docker.distribution.manifest.v2+json","tag":["createRefund_version-77","latest"],"timeCreatedMs":"315532801000","timeUploadedMs":"1639264740991"}},"name":"savannah-glow/gcf/us-central1/214eeab6-6f4e-4ec0-affc-4f02ff73cbfa","tags":["createRefund_version-77","latest"]}
[debug] [2021-12-11T23:19:36.775Z] Could not find image for function projects/savannah-glow/locations/us-central1/functions/payStackWebhooks
[debug] [2021-12-11T23:19:36.776Z] <<< [apiv2][status] GET https://us.gcr.io/v2/savannah-glow/gcf/us-central1/214eeab6-6f4e-4ec0-affc-4f02ff73cbfa/tags/list 200
[debug] [2021-12-11T23:19:36.777Z] <<< [apiv2][body] GET https://us.gcr.io/v2/savannah-glow/gcf/us-central1/214eeab6-6f4e-4ec0-affc-4f02ff73cbfa/tags/list {"child":["cache"],"manifest":{"sha256:013c1dcbd337f8e4b99834b6d7596406276ddb44b5ae5274d5cb357a5bbc5326":{"imageSizeBytes":"423708453","layerId":"","mediaType":"application/vnd.docker.distribution.manifest.v2+json","tag":["createRefund_version-77","latest"],"timeCreatedMs":"315532801000","timeUploadedMs":"1639264740991"}},"name":"savannah-glow/gcf/us-central1/214eeab6-6f4e-4ec0-affc-4f02ff73cbfa","tags":["createRefund_version-77","latest"]}
[debug] [2021-12-11T23:19:36.779Z] Could not find image for function projects/savannah-glow/locations/us-central1/functions/listUsers
[debug] [2021-12-11T23:19:37.011Z] <<< [apiv2][status] GET https://us.gcr.io/v2/savannah-glow/gcf/us-central1/214eeab6-6f4e-4ec0-affc-4f02ff73cbfa/tags/list 200
[debug] [2021-12-11T23:19:37.012Z] <<< [apiv2][body] GET https://us.gcr.io/v2/savannah-glow/gcf/us-central1/214eeab6-6f4e-4ec0-affc-4f02ff73cbfa/tags/list {"child":["cache"],"manifest":{"sha256:013c1dcbd337f8e4b99834b6d7596406276ddb44b5ae5274d5cb357a5bbc5326":{"imageSizeBytes":"423708453","layerId":"","mediaType":"application/vnd.docker.distribution.manifest.v2+json","tag":["createRefund_version-77","latest"],"timeCreatedMs":"315532801000","timeUploadedMs":"1639264740991"}},"name":"savannah-glow/gcf/us-central1/214eeab6-6f4e-4ec0-affc-4f02ff73cbfa","tags":["createRefund_version-77","latest"]}
[debug] [2021-12-11T23:19:37.019Z] >>> [apiv2][query] GET https://us.gcr.io/v2/savannah-glow/gcf/us-central1/214eeab6-6f4e-4ec0-affc-4f02ff73cbfa/cache/tags/list [none]
[debug] [2021-12-11T23:19:37.026Z] >>> [apiv2][query] DELETE https://us.gcr.io/v2/savannah-glow/gcf/us-central1/214eeab6-6f4e-4ec0-affc-4f02ff73cbfa/manifests/createRefund_version-77 [none]
[debug] [2021-12-11T23:19:37.029Z] >>> [apiv2][query] DELETE https://us.gcr.io/v2/savannah-glow/gcf/us-central1/214eeab6-6f4e-4ec0-affc-4f02ff73cbfa/manifests/latest [none]
[debug] [2021-12-11T23:19:37.852Z] <<< [apiv2][status] GET https://us.gcr.io/v2/savannah-glow/gcf/us-central1/214eeab6-6f4e-4ec0-affc-4f02ff73cbfa/cache/tags/list 200
[debug] [2021-12-11T23:19:37.854Z] <<< [apiv2][body] GET https://us.gcr.io/v2/savannah-glow/gcf/us-central1/214eeab6-6f4e-4ec0-affc-4f02ff73cbfa/cache/tags/list {"child":[],"manifest":{"sha256:c9d811d35ae2866b3dc1d3b4407e1d46d810b84d37ddbc49ff3d928d0ab5fb0e":{"imageSizeBytes":"12335190","layerId":"","mediaType":"application/vnd.docker.distribution.manifest.v2+json","tag":["latest"],"timeCreatedMs":"315532801000","timeUploadedMs":"1639264741487"}},"name":"savannah-glow/gcf/us-central1/214eeab6-6f4e-4ec0-affc-4f02ff73cbfa/cache","tags":["latest"]}
[debug] [2021-12-11T23:19:37.858Z] >>> [apiv2][query] DELETE https://us.gcr.io/v2/savannah-glow/gcf/us-central1/214eeab6-6f4e-4ec0-affc-4f02ff73cbfa/cache/manifests/latest [none]
[debug] [2021-12-11T23:19:38.157Z] <<< [apiv2][status] DELETE https://us.gcr.io/v2/savannah-glow/gcf/us-central1/214eeab6-6f4e-4ec0-affc-4f02ff73cbfa/manifests/createRefund_version-77 202
[debug] [2021-12-11T23:19:38.159Z] <<< [apiv2][body] DELETE https://us.gcr.io/v2/savannah-glow/gcf/us-central1/214eeab6-6f4e-4ec0-affc-4f02ff73cbfa/manifests/createRefund_version-77 {"errors":[]}
[debug] [2021-12-11T23:19:38.164Z] <<< [apiv2][status] DELETE https://us.gcr.io/v2/savannah-glow/gcf/us-central1/214eeab6-6f4e-4ec0-affc-4f02ff73cbfa/manifests/latest 202
[debug] [2021-12-11T23:19:38.166Z] <<< [apiv2][body] DELETE https://us.gcr.io/v2/savannah-glow/gcf/us-central1/214eeab6-6f4e-4ec0-affc-4f02ff73cbfa/manifests/latest {"errors":[]}
[debug] [2021-12-11T23:19:38.169Z] >>> [apiv2][query] DELETE https://us.gcr.io/v2/savannah-glow/gcf/us-central1/214eeab6-6f4e-4ec0-affc-4f02ff73cbfa/manifests/sha256:013c1dcbd337f8e4b99834b6d7596406276ddb44b5ae5274d5cb357a5bbc5326 [none]
[debug] [2021-12-11T23:19:39.038Z] <<< [apiv2][status] DELETE https://us.gcr.io/v2/savannah-glow/gcf/us-central1/214eeab6-6f4e-4ec0-affc-4f02ff73cbfa/cache/manifests/latest 202
[debug] [2021-12-11T23:19:39.040Z] <<< [apiv2][body] DELETE https://us.gcr.io/v2/savannah-glow/gcf/us-central1/214eeab6-6f4e-4ec0-affc-4f02ff73cbfa/cache/manifests/latest {"errors":[]}
[debug] [2021-12-11T23:19:39.042Z] >>> [apiv2][query] DELETE https://us.gcr.io/v2/savannah-glow/gcf/us-central1/214eeab6-6f4e-4ec0-affc-4f02ff73cbfa/cache/manifests/sha256:c9d811d35ae2866b3dc1d3b4407e1d46d810b84d37ddbc49ff3d928d0ab5fb0e [none]
[debug] [2021-12-11T23:19:40.332Z] <<< [apiv2][status] DELETE https://us.gcr.io/v2/savannah-glow/gcf/us-central1/214eeab6-6f4e-4ec0-affc-4f02ff73cbfa/manifests/sha256:013c1dcbd337f8e4b99834b6d7596406276ddb44b5ae5274d5cb357a5bbc5326 202
[debug] [2021-12-11T23:19:40.334Z] <<< [apiv2][body] DELETE https://us.gcr.io/v2/savannah-glow/gcf/us-central1/214eeab6-6f4e-4ec0-affc-4f02ff73cbfa/manifests/sha256:013c1dcbd337f8e4b99834b6d7596406276ddb44b5ae5274d5cb357a5bbc5326 {"errors":[]}
[debug] [2021-12-11T23:19:41.403Z] <<< [apiv2][status] DELETE https://us.gcr.io/v2/savannah-glow/gcf/us-central1/214eeab6-6f4e-4ec0-affc-4f02ff73cbfa/cache/manifests/sha256:c9d811d35ae2866b3dc1d3b4407e1d46d810b84d37ddbc49ff3d928d0ab5fb0e 202
[debug] [2021-12-11T23:19:41.405Z] <<< [apiv2][body] DELETE https://us.gcr.io/v2/savannah-glow/gcf/us-central1/214eeab6-6f4e-4ec0-affc-4f02ff73cbfa/cache/manifests/sha256:c9d811d35ae2866b3dc1d3b4407e1d46d810b84d37ddbc49ff3d928d0ab5fb0e {"errors":[]}
[debug] [2021-12-11T23:19:41.408Z] > refreshing access token with scopes: ["email","https://www.googleapis.com/auth/cloud-platform","https://www.googleapis.com/auth/cloudplatformprojects.readonly","https://www.googleapis.com/auth/firebase","openid"]
[debug] [2021-12-11T23:19:41.410Z] >>> HTTP REQUEST POST https://www.googleapis.com/oauth2/v3/token  
 <request body omitted>
[debug] [2021-12-11T23:19:41.874Z] <<< HTTP RESPONSE 200 {"date":"Sat, 11 Dec 2021 23:19:41 GMT","pragma":"no-cache","cache-control":"no-cache, no-store, max-age=0, must-revalidate","expires":"Mon, 01 Jan 1990 00:00:00 GMT","content-type":"application/json; charset=utf-8","vary":"X-Origin, Referer, Origin,Accept-Encoding","server":"scaffolding on HTTPServer2","x-xss-protection":"0","x-frame-options":"SAMEORIGIN","x-content-type-options":"nosniff","alt-svc":"h3=\":443\"; ma=2592000,h3-29=\":443\"; ma=2592000,h3-Q050=\":443\"; ma=2592000,h3-Q046=\":443\"; ma=2592000,h3-Q043=\":443\"; ma=2592000,quic=\":443\"; ma=2592000; v=\"46,43\"","accept-ranges":"none","transfer-encoding":"chunked"}
[debug] [2021-12-11T23:19:41.907Z] >>> HTTP REQUEST GET https://cloudfunctions.googleapis.com/v1/projects/savannah-glow/locations/-/functions  
 
[debug] [2021-12-11T23:19:42.723Z] <<< HTTP RESPONSE 200 {"content-type":"application/json; charset=UTF-8","vary":"X-Origin, Referer, Origin,Accept-Encoding","date":"Sat, 11 Dec 2021 23:19:42 GMT","server":"ESF","cache-control":"private","x-xss-protection":"0","x-frame-options":"SAMEORIGIN","x-content-type-options":"nosniff","alt-svc":"h3=\":443\"; ma=2592000,h3-29=\":443\"; ma=2592000,h3-Q050=\":443\"; ma=2592000,h3-Q046=\":443\"; ma=2592000,h3-Q043=\":443\"; ma=2592000,quic=\":443\"; ma=2592000; v=\"46,43\"","accept-ranges":"none","transfer-encoding":"chunked"}
[info] Function URL (assignRole(us-central1)): https://us-central1-savannah-glow.cloudfunctions.net/assignRole
[info] Function URL (chargeCard(us-central1)): https://us-central1-savannah-glow.cloudfunctions.net/chargeCard
[info] Function URL (createRefund(us-central1)): https://us-central1-savannah-glow.cloudfunctions.net/createRefund
[info] Function URL (deleteUsers(us-central1)): https://us-central1-savannah-glow.cloudfunctions.net/deleteUsers
[info] Function URL (payOnDelivery(us-central1)): https://us-central1-savannah-glow.cloudfunctions.net/payOnDelivery
[info] Function URL (payStackTransctionVerification(us-central1)): https://us-central1-savannah-glow.cloudfunctions.net/payStackTransctionVerification
[info] Function URL (payStackWebhooks(us-central1)): https://us-central1-savannah-glow.cloudfunctions.net/payStackWebhooks
[info] 
[info] Functions deploy had errors with the following functions:
[info] 	createRefund(us-central1)
[info] 
[info] To try redeploying those functions, run:
[info]     firebase deploy --only "functions:createRefund"
[info] 
[info] To continue deploying other features (such as database), run:
[info]     firebase deploy --except functions
[debug] [2021-12-11T23:19:42.747Z] 	Error during update for projects/savannah-glow/locations/us-central1/functions/createRefund: 
[error] 
[error] Error: Functions did not deploy properly.
